app/build/intermediates/manifest_merge_blame_file/debug/manifest-merger-blame-debug-report.txt
1<?xml version="1.0" encoding="utf-8"?>
2<manifest xmlns:android="http://schemas.android.com/apk/res/android"
3    package="veg.mediacapture.sdk.test.demo"
4    android:installLocation="auto"
5    android:versionCode="1"
6    android:versionName="1.0" >
7    <!--
8<uses-permission android:name="android.permission.MODIFY_AUDIO_SETTINGS"/>
9    <uses-permission android:name="android.permission.CAPTURE_AUDIO_OUTPUT"/>
10    -->
11    <uses-sdk
12        android:minSdkVersion="17"
12-->src/main/AndroidManifest.xml
13        android:targetSdkVersion="30" />
13-->src/main/AndroidManifest.xml
14
15    <uses-feature android:name="android.hardware.camera" />
15-->src/main/AndroidManifest.xml:30:5-60
15-->src/main/AndroidManifest.xml:30:19-57
16    <uses-feature android:name="android.hardware.camera.autofocus" />
16-->src/main/AndroidManifest.xml:31:5-70
16-->src/main/AndroidManifest.xml:31:19-67
17
18    <uses-permission
18-->src/main/AndroidManifest.xml:33:5-65
19        android:name="android.permission.CAMERA"
19-->src/main/AndroidManifest.xml:33:22-62
20        android:required="false" />
20-->[com.vxg.mediasdk:encodersdk:6.13.20220707] AndroidManifest.xml:26:9-33
21    <uses-permission android:name="android.permission.RECORD_AUDIO" />
21-->src/main/AndroidManifest.xml:34:5-71
21-->src/main/AndroidManifest.xml:34:22-68
22    <uses-permission android:name="android.permission.CHANGE_NETWORK_STATE" />
22-->src/main/AndroidManifest.xml:36:5-79
22-->src/main/AndroidManifest.xml:36:22-76
23    <uses-permission android:name="android.permission.INTERNET" />
23-->src/main/AndroidManifest.xml:37:5-67
23-->src/main/AndroidManifest.xml:37:22-64
24    <uses-permission android:name="android.permission.CHANGE_WIFI_MULTICAST_STATE" />
24-->src/main/AndroidManifest.xml:38:5-86
24-->src/main/AndroidManifest.xml:38:22-83
25    <uses-permission android:name="android.permission.WRITE_EXTERNAL_STORAGE" />
25-->src/main/AndroidManifest.xml:39:5-81
25-->src/main/AndroidManifest.xml:39:22-78
26    <uses-permission android:name="android.permission.DISABLE_KEYGUARD" />
26-->src/main/AndroidManifest.xml:40:5-75
26-->src/main/AndroidManifest.xml:40:22-72
27    <uses-permission android:name="android.permission.WAKE_LOCK" />
27-->src/main/AndroidManifest.xml:41:5-68
27-->src/main/AndroidManifest.xml:41:22-65
28    <uses-permission android:name="android.permission.ACCESS_NETWORK_STATE" />
28-->src/main/AndroidManifest.xml:42:5-79
28-->src/main/AndroidManifest.xml:42:22-76
29
30    <application
30-->src/main/AndroidManifest.xml:8:5-28:19
31        android:appComponentFactory="androidx.core.app.CoreComponentFactory"
31-->[androidx.core:core:1.0.0] AndroidManifest.xml:22:18-86
32        android:configChanges="orientation|screenSize"
32-->src/main/AndroidManifest.xml:15:9-55
33        android:debuggable="true"
34        android:hardwareAccelerated="true"
34-->src/main/AndroidManifest.xml:9:9-43
35        android:icon="@drawable/app"
35-->src/main/AndroidManifest.xml:10:9-37
36        android:label="@string/app_short_name"
36-->src/main/AndroidManifest.xml:11:9-47
37        android:largeHeap="true"
37-->src/main/AndroidManifest.xml:12:9-33
38        android:launchMode="singleInstance"
38-->src/main/AndroidManifest.xml:13:9-44
39        android:noHistory="true"
39-->src/main/AndroidManifest.xml:14:9-33
40        android:requestLegacyExternalStorage="true"
40-->[com.vxg.mediasdk:encodersdk:6.13.20220707] AndroidManifest.xml:31:9-52
41        android:testOnly="true" >
42        <activity android:name="veg.mediacapture.sdk.test.MainActivity" >
42-->src/main/AndroidManifest.xml:17:9-23:20
42-->src/main/AndroidManifest.xml:17:19-72
43            <intent-filter>
43-->src/main/AndroidManifest.xml:18:13-22:29
44                <action android:name="android.intent.action.MAIN" />
44-->src/main/AndroidManifest.xml:19:17-69
44-->src/main/AndroidManifest.xml:19:25-66
45
46                <category android:name="android.intent.category.LAUNCHER" />
46-->src/main/AndroidManifest.xml:21:17-77
46-->src/main/AndroidManifest.xml:21:27-74
47            </intent-filter>
48        </activity>
49        <activity
49-->src/main/AndroidManifest.xml:24:9-27:20
50            android:name="veg.mediacapture.sdk.test.SettingsActivity"
50-->src/main/AndroidManifest.xml:25:13-70
51            android:label="@string/settings_activity_title" >
51-->src/main/AndroidManifest.xml:26:13-60
52        </activity>
53    </application>
54
55</manifest>